Determining if the pthread_create exist failed with the following output:
Change Dir: /home/chris/Code/C++/daily_report_system/v1.0/build/CMakeFiles/CMakeTmp

Run Build Command:"/usr/bin/make" "cmTryCompileExec1536567973/fast"
/usr/bin/make -f CMakeFiles/cmTryCompileExec1536567973.dir/build.make CMakeFiles/cmTryCompileExec1536567973.dir/build
make[1]: Entering directory '/home/chris/Code/C++/daily_report_system/v1.0/build/CMakeFiles/CMakeTmp'
/usr/bin/cmake -E cmake_progress_report /home/chris/Code/C++/daily_report_system/v1.0/build/CMakeFiles/CMakeTmp/CMakeFiles 1
Building C object CMakeFiles/cmTryCompileExec1536567973.dir/CheckSymbolExists.c.o
/usr/bin/cc    -o CMakeFiles/cmTryCompileExec1536567973.dir/CheckSymbolExists.c.o   -c /home/chris/Code/C++/daily_report_system/v1.0/build/CMakeFiles/CMakeTmp/CheckSymbolExists.c
Linking C executable cmTryCompileExec1536567973
/usr/bin/cmake -E cmake_link_script CMakeFiles/cmTryCompileExec1536567973.dir/link.txt --verbose=1
/usr/bin/cc       CMakeFiles/cmTryCompileExec1536567973.dir/CheckSymbolExists.c.o  -o cmTryCompileExec1536567973 -rdynamic 
CMakeFiles/cmTryCompileExec1536567973.dir/CheckSymbolExists.c.o：在函数‘main’中：
CheckSymbolExists.c:(.text+0x16)：对‘pthread_create’未定义的引用
collect2: error: ld returned 1 exit status
CMakeFiles/cmTryCompileExec1536567973.dir/build.make:88: recipe for target 'cmTryCompileExec1536567973' failed
make[1]: *** [cmTryCompileExec1536567973] Error 1
make[1]: Leaving directory '/home/chris/Code/C++/daily_report_system/v1.0/build/CMakeFiles/CMakeTmp'
Makefile:118: recipe for target 'cmTryCompileExec1536567973/fast' failed
make: *** [cmTryCompileExec1536567973/fast] Error 2

File /home/chris/Code/C++/daily_report_system/v1.0/build/CMakeFiles/CMakeTmp/CheckSymbolExists.c:
/* */
#include <pthread.h>

int main(int argc, char** argv)
{
  (void)argv;
#ifndef pthread_create
  return ((int*)(&pthread_create))[argc];
#else
  (void)argc;
  return 0;
#endif
}

Determining if the function pthread_create exists in the pthreads failed with the following output:
Change Dir: /home/chris/Code/C++/daily_report_system/v1.0/build/CMakeFiles/CMakeTmp

Run Build Command:"/usr/bin/make" "cmTryCompileExec1659774479/fast"
/usr/bin/make -f CMakeFiles/cmTryCompileExec1659774479.dir/build.make CMakeFiles/cmTryCompileExec1659774479.dir/build
make[1]: Entering directory '/home/chris/Code/C++/daily_report_system/v1.0/build/CMakeFiles/CMakeTmp'
/usr/bin/cmake -E cmake_progress_report /home/chris/Code/C++/daily_report_system/v1.0/build/CMakeFiles/CMakeTmp/CMakeFiles 1
Building C object CMakeFiles/cmTryCompileExec1659774479.dir/CheckFunctionExists.c.o
/usr/bin/cc   -DCHECK_FUNCTION_EXISTS=pthread_create   -o CMakeFiles/cmTryCompileExec1659774479.dir/CheckFunctionExists.c.o   -c /usr/share/cmake-3.0/Modules/CheckFunctionExists.c
Linking C executable cmTryCompileExec1659774479
/usr/bin/cmake -E cmake_link_script CMakeFiles/cmTryCompileExec1659774479.dir/link.txt --verbose=1
/usr/bin/cc   -DCHECK_FUNCTION_EXISTS=pthread_create    CMakeFiles/cmTryCompileExec1659774479.dir/CheckFunctionExists.c.o  -o cmTryCompileExec1659774479 -rdynamic -lpthreads 
/usr/bin/ld: cannot find -lpthreads
collect2: error: ld returned 1 exit status
CMakeFiles/cmTryCompileExec1659774479.dir/build.make:88: recipe for target 'cmTryCompileExec1659774479' failed
make[1]: *** [cmTryCompileExec1659774479] Error 1
make[1]: Leaving directory '/home/chris/Code/C++/daily_report_system/v1.0/build/CMakeFiles/CMakeTmp'
Makefile:118: recipe for target 'cmTryCompileExec1659774479/fast' failed
make: *** [cmTryCompileExec1659774479/fast] Error 2


